SF:lib\src\core\exceptions.dart
DA:6,0
DA:10,0
DA:12,2
DA:17,0
DA:18,0
DA:20,0
DA:23,0
DA:25,0
DA:37,1
DA:38,0
DA:48,1
DA:49,0
DA:59,2
DA:60,0
DA:69,1
DA:70,0
DA:79,1
DA:80,0
DA:89,1
DA:90,0
DA:100,1
DA:101,0
DA:111,0
DA:112,0
DA:121,0
DA:122,0
LF:26
LH:8
end_of_record
SF:lib\src\features\games\domain\entity\games.model.dart
DA:14,0
DA:25,0
DA:26,0
DA:28,0
DA:29,0
DA:31,0
DA:32,0
DA:33,0
DA:34,0
DA:37,0
DA:39,0
DA:40,0
DA:41,0
DA:42,0
DA:45,0
DA:46,0
DA:47,0
DA:51,0
DA:52,0
DA:53,0
DA:54,0
DA:55,0
DA:56,0
DA:57,0
DA:62,0
DA:63,0
DA:64,0
DA:65,0
DA:66,0
DA:67,0
DA:68,0
DA:69,0
LF:32
LH:0
end_of_record
SF:lib\src\features\games\external\datasource\games_remote_datasource_impl.dart
DA:11,1
DA:13,1
DA:16,2
DA:30,1
DA:31,0
DA:32,0
DA:33,0
DA:34,0
DA:37,1
LF:9
LH:5
end_of_record
SF:lib\src\utils\api_client\api_client.dart
DA:12,0
DA:14,0
DA:15,0
DA:16,0
DA:17,0
DA:18,0
DA:20,0
DA:24,0
DA:25,0
DA:26,0
DA:27,0
DA:32,0
DA:39,0
DA:40,0
DA:49,0
DA:56,0
DA:57,0
DA:66,0
DA:75,0
DA:76,0
DA:87,0
DA:96,0
DA:97,0
DA:108,0
DA:117,0
DA:118,0
DA:129,0
DA:138,0
DA:139,0
LF:29
LH:0
end_of_record
SF:lib\src\features\games\domain\entity\genre.model.dart
DA:6,0
DA:12,0
DA:13,0
DA:14,0
DA:17,0
DA:19,0
DA:20,0
DA:21,0
DA:22,0
DA:28,0
DA:29,0
DA:30,0
DA:31,0
DA:32,0
LF:14
LH:0
end_of_record
SF:lib\src\features\games\domain\entity\platforms.model.dart
DA:9,0
DA:18,0
DA:19,0
DA:20,0
DA:21,0
DA:22,0
DA:23,0
DA:24,0
DA:27,0
DA:28,0
DA:29,0
DA:30,0
DA:31,0
DA:32,0
DA:33,0
DA:34,0
LF:16
LH:0
end_of_record
SF:lib\src\features\games\domain\error\error.dart
DA:4,1
DA:6,0
LF:2
LH:1
end_of_record
SF:lib\src\utils\api_client\api_exception.dart
DA:8,0
DA:15,0
DA:16,0
DA:17,0
LF:4
LH:0
end_of_record
